<?xml version="1.0" encoding="UTF-8"?>
<!-- Generated by org.testng.reporters.JUnitReportReporter -->
<testsuite hostname="ojt11-PC" name="driverFactory.DriverScript" tests="1" failures="0" timestamp="3 Feb 2020 03:40:46 GMT" time="71.257" errors="0">
  <testcase name="startTest" time="71.257" classname="driverFactory.DriverScript"/>
</testsuite> <!-- driverFactory.DriverScript -->
